python3 main.py 
Retrying hover on work related date ... 1/100
Retrying hover on work related date ... 1/100
Retrying hover on work related date ... 1/100
Retrying hover on discussion date ... 1/100
Retrying hover on discussion date ... 1/100
Retrying hover on discussion date ... 1/100
Retrying hover on discussion date ... 1/100
Retrying hover on discussion date ... 1/100
Retrying hover on discussion date ... 1/100
Retrying hover on discussion date ... 1/100
Retrying hover on discussion date ... 1/100
Retrying hover on discussion date ... 1/100
Retrying hover on discussion date ... 1/100
Traceback (most recent call last):
  File "/home/paul/Downloads/src/main.py", line 769, in <module>
    scraper(
  File "/home/paul/Downloads/src/main.py", line 557, in scraper
    work_item_data = scrape_child_work_items(driver, dialog_box)
                     ^^^^^^^^^^^^^^^^^^^^^^^^^^^^^^^^^^^^^^^^^^^
  File "/home/paul/Downloads/src/main.py", line 490, in scrape_child_work_items
    work_item_data["history"] = scrape_history(dialog_box)
                                ^^^^^^^^^^^^^^^^^^^^^^^^^^
  File "/home/paul/Downloads/src/main.py", line 175, in scrape_history
    history.click()
  File "/home/paul/miniconda3/envs/tfs/lib/python3.11/site-packages/selenium/webdriver/remote/webelement.py", line 94, in click
    self._execute(Command.CLICK_ELEMENT)
  File "/home/paul/miniconda3/envs/tfs/lib/python3.11/site-packages/selenium/webdriver/remote/webelement.py", line 403, in _execute
    return self._parent.execute(command, params)
           ^^^^^^^^^^^^^^^^^^^^^^^^^^^^^^^^^^^^^
  File "/home/paul/miniconda3/envs/tfs/lib/python3.11/site-packages/selenium/webdriver/remote/webdriver.py", line 440, in execute
    self.error_handler.check_response(response)
  File "/home/paul/miniconda3/envs/tfs/lib/python3.11/site-packages/selenium/webdriver/remote/errorhandler.py", line 245, in check_response
    raise exception_class(message, screen, stacktrace)
selenium.common.exceptions.StaleElementReferenceException: Message: stale element reference: element is not attached to the page document
  (Session info: chrome=112.0.5615.165)
Stacktrace:
#0 0x555ecf62fab3 <unknown>
#1 0x555ece53a969 <unknown>
#2 0x555ece53f0ff <unknown>
#3 0x555ece53ed83 <unknown>
#4 0x555ece53f184 <unknown>
#5 0x555ece57d96c <unknown>
#6 0x555ece58541d <unknown>
#7 0x555ece58299e <unknown>
#8 0x555ece57f82c <unknown>
#9 0x555ece57e56c <unknown>
#10 0x555ece56fd18 <unknown>
#11 0x555ece5a43c2 <unknown>
#12 0x555ece56f46a <unknown>
#13 0x555ece5a454e <unknown>
#14 0x555ece5bce5a <unknown>
#15 0x555ece5a4183 <unknown>
#16 0x555ece56d87c <unknown>
#17 0x555ece56ecb2 <unknown>
#18 0x555ecf5e3fe0 <unknown>
#19 0x555ecf5e6d52 <unknown>
#20 0x555ecf5e6710 <unknown>
#21 0x555ecf5e74b5 <unknown>
#22 0x555ecf5eefa6 <unknown>
#23 0x555ecf5e7853 <unknown>
#24 0x555ecf5a5224 <unknown>
#25 0x555ecf60ba75 <unknown>
#26 0x555ecf60bc2e <unknown>
#27 0x555ecf624c5f <unknown>
#28 0x7f7e902fcb43 <unknown>

